This file contains any messages produced by compilers while
running configure, to aid debugging if configure makes a mistake.

It was created by protobuf-c configure 1.1.1, which was
generated by GNU Autoconf 2.68.  Invocation command line was

  $ ./configure --prefix=/home/azureuser/bftsmart-diversity/protobuf/build

## --------- ##
## Platform. ##
## --------- ##

hostname = ubuntu
uname -m = x86_64
uname -r = 3.13.0-85-generic
uname -s = Linux
uname -v = #129~precise1-Ubuntu SMP Fri Mar 18 17:38:08 UTC 2016

/usr/bin/uname -p = unknown
/bin/uname -X     = unknown

/bin/arch              = unknown
/usr/bin/arch -k       = unknown
/usr/convex/getsysinfo = unknown
/usr/bin/hostinfo      = unknown
/bin/machine           = unknown
/usr/bin/oslevel       = unknown
/bin/universe          = unknown

PATH: /usr/local/sbin
PATH: /usr/local/bin
PATH: /usr/sbin
PATH: /usr/bin
PATH: /sbin
PATH: /bin
PATH: /usr/games


## ----------- ##
## Core tests. ##
## ----------- ##

configure:2559: checking for a BSD-compatible install
configure:2627: result: /usr/bin/install -c
configure:2638: checking whether build environment is sane
configure:2688: result: yes
configure:2829: checking for a thread-safe mkdir -p
configure:2868: result: /bin/mkdir -p
configure:2881: checking for gawk
configure:2911: result: no
configure:2881: checking for mawk
configure:2897: found /usr/bin/mawk
configure:2908: result: mawk
configure:2919: checking whether make sets $(MAKE)
configure:2941: result: yes
configure:2970: checking whether make supports nested variables
configure:2987: result: yes
configure:3072: checking for style of include used by make
configure:3100: result: GNU
configure:3171: checking for gcc
configure:3187: found /usr/bin/gcc
configure:3198: result: gcc
configure:3427: checking for C compiler version
configure:3436: gcc --version >&5
gcc (Ubuntu/Linaro 4.6.3-1ubuntu5) 4.6.3
Copyright (C) 2011 Free Software Foundation, Inc.
This is free software; see the source for copying conditions.  There is NO
warranty; not even for MERCHANTABILITY or FITNESS FOR A PARTICULAR PURPOSE.

configure:3447: $? = 0
configure:3436: gcc -v >&5
Using built-in specs.
COLLECT_GCC=gcc
COLLECT_LTO_WRAPPER=/usr/lib/gcc/x86_64-linux-gnu/4.6/lto-wrapper
Target: x86_64-linux-gnu
Configured with: ../src/configure -v --with-pkgversion='Ubuntu/Linaro 4.6.3-1ubuntu5' --with-bugurl=file:///usr/share/doc/gcc-4.6/README.Bugs --enable-languages=c,c++,fortran,objc,obj-c++ --prefix=/usr --program-suffix=-4.6 --enable-shared --enable-linker-build-id --with-system-zlib --libexecdir=/usr/lib --without-included-gettext --enable-threads=posix --with-gxx-include-dir=/usr/include/c++/4.6 --libdir=/usr/lib --enable-nls --with-sysroot=/ --enable-clocale=gnu --enable-libstdcxx-debug --enable-libstdcxx-time=yes --enable-gnu-unique-object --enable-plugin --enable-objc-gc --disable-werror --with-arch-32=i686 --with-tune=generic --enable-checking=release --build=x86_64-linux-gnu --host=x86_64-linux-gnu --target=x86_64-linux-gnu
Thread model: posix
gcc version 4.6.3 (Ubuntu/Linaro 4.6.3-1ubuntu5) 
configure:3447: $? = 0
configure:3436: gcc -V >&5
gcc: error: unrecognized option '-V'
gcc: fatal error: no input files
compilation terminated.
configure:3447: $? = 4
configure:3436: gcc -qversion >&5
gcc: error: unrecognized option '-qversion'
gcc: fatal error: no input files
compilation terminated.
configure:3447: $? = 4
configure:3467: checking whether the C compiler works
configure:3489: gcc    conftest.c  >&5
configure:3493: $? = 0
configure:3541: result: yes
configure:3544: checking for C compiler default output file name
configure:3546: result: a.out
configure:3552: checking for suffix of executables
configure:3559: gcc -o conftest    conftest.c  >&5
configure:3563: $? = 0
configure:3585: result: 
configure:3607: checking whether we are cross compiling
configure:3615: gcc -o conftest    conftest.c  >&5
configure:3619: $? = 0
configure:3626: ./conftest
configure:3630: $? = 0
configure:3645: result: no
configure:3650: checking for suffix of object files
configure:3672: gcc -c   conftest.c >&5
configure:3676: $? = 0
configure:3697: result: o
configure:3701: checking whether we are using the GNU C compiler
configure:3720: gcc -c   conftest.c >&5
configure:3720: $? = 0
configure:3729: result: yes
configure:3738: checking whether gcc accepts -g
configure:3758: gcc -c -g  conftest.c >&5
configure:3758: $? = 0
configure:3799: result: yes
configure:3816: checking for gcc option to accept ISO C89
configure:3880: gcc  -c -g -O2  conftest.c >&5
configure:3880: $? = 0
configure:3893: result: none needed
configure:3915: checking dependency style of gcc
configure:4026: result: gcc3
configure:4045: checking for gcc option to accept ISO C99
configure:4194: gcc  -c -g -O2  conftest.c >&5
conftest.c:61:29: error: expected ';', ',' or ')' before 'text'
conftest.c: In function 'main':
conftest.c:115:18: error: expected '=', ',', ';', 'asm' or '__attribute__' before 'newvar'
conftest.c:115:18: error: 'newvar' undeclared (first use in this function)
conftest.c:115:18: note: each undeclared identifier is reported only once for each function it appears in
conftest.c:125:3: error: 'for' loop initial declarations are only allowed in C99 mode
conftest.c:125:3: note: use option -std=c99 or -std=gnu99 to compile your code
configure:4194: $? = 1
configure: failed program was:
| /* confdefs.h */
| #define PACKAGE_NAME "protobuf-c"
| #define PACKAGE_TARNAME "protobuf-c"
| #define PACKAGE_VERSION "1.1.1"
| #define PACKAGE_STRING "protobuf-c 1.1.1"
| #define PACKAGE_BUGREPORT "https://github.com/protobuf-c/protobuf-c/issues"
| #define PACKAGE_URL "https://github.com/protobuf-c/protobuf-c"
| #define PACKAGE "protobuf-c"
| #define VERSION "1.1.1"
| /* end confdefs.h.  */
| #include <stdarg.h>
| #include <stdbool.h>
| #include <stdlib.h>
| #include <wchar.h>
| #include <stdio.h>
| 
| // Check varargs macros.  These examples are taken from C99 6.10.3.5.
| #define debug(...) fprintf (stderr, __VA_ARGS__)
| #define showlist(...) puts (#__VA_ARGS__)
| #define report(test,...) ((test) ? puts (#test) : printf (__VA_ARGS__))
| static void
| test_varargs_macros (void)
| {
|   int x = 1234;
|   int y = 5678;
|   debug ("Flag");
|   debug ("X = %d\n", x);
|   showlist (The first, second, and third items.);
|   report (x>y, "x is %d but y is %d", x, y);
| }
| 
| // Check long long types.
| #define BIG64 18446744073709551615ull
| #define BIG32 4294967295ul
| #define BIG_OK (BIG64 / BIG32 == 4294967297ull && BIG64 % BIG32 == 0)
| #if !BIG_OK
|   your preprocessor is broken;
| #endif
| #if BIG_OK
| #else
|   your preprocessor is broken;
| #endif
| static long long int bignum = -9223372036854775807LL;
| static unsigned long long int ubignum = BIG64;
| 
| struct incomplete_array
| {
|   int datasize;
|   double data[];
| };
| 
| struct named_init {
|   int number;
|   const wchar_t *name;
|   double average;
| };
| 
| typedef const char *ccp;
| 
| static inline int
| test_restrict (ccp restrict text)
| {
|   // See if C++-style comments work.
|   // Iterate through items via the restricted pointer.
|   // Also check for declarations in for loops.
|   for (unsigned int i = 0; *(text+i) != '\0'; ++i)
|     continue;
|   return 0;
| }
| 
| // Check varargs and va_copy.
| static void
| test_varargs (const char *format, ...)
| {
|   va_list args;
|   va_start (args, format);
|   va_list args_copy;
|   va_copy (args_copy, args);
| 
|   const char *str;
|   int number;
|   float fnumber;
| 
|   while (*format)
|     {
|       switch (*format++)
| 	{
| 	case 's': // string
| 	  str = va_arg (args_copy, const char *);
| 	  break;
| 	case 'd': // int
| 	  number = va_arg (args_copy, int);
| 	  break;
| 	case 'f': // float
| 	  fnumber = va_arg (args_copy, double);
| 	  break;
| 	default:
| 	  break;
| 	}
|     }
|   va_end (args_copy);
|   va_end (args);
| }
| 
| int
| main ()
| {
| 
|   // Check bool.
|   _Bool success = false;
| 
|   // Check restrict.
|   if (test_restrict ("String literal") == 0)
|     success = true;
|   char *restrict newvar = "Another string";
| 
|   // Check varargs.
|   test_varargs ("s, d' f .", "string", 65, 34.234);
|   test_varargs_macros ();
| 
|   // Check flexible array members.
|   struct incomplete_array *ia =
|     malloc (sizeof (struct incomplete_array) + (sizeof (double) * 10));
|   ia->datasize = 10;
|   for (int i = 0; i < ia->datasize; ++i)
|     ia->data[i] = i * 1.234;
| 
|   // Check named initializers.
|   struct named_init ni = {
|     .number = 34,
|     .name = L"Test wide string",
|     .average = 543.34343,
|   };
| 
|   ni.number = 58;
| 
|   int dynamic_array[ni.number];
|   dynamic_array[ni.number - 1] = 543;
| 
|   // work around unused variable warnings
|   return (!success || bignum == 0LL || ubignum == 0uLL || newvar[0] == 'x'
| 	  || dynamic_array[ni.number - 1] != 543);
| 
|   ;
|   return 0;
| }
configure:4194: gcc -std=gnu99 -c -g -O2  conftest.c >&5
configure:4194: $? = 0
configure:4214: result: -std=gnu99
configure:4316: checking for gcc -std=gnu99 option to accept ISO Standard C
configure:4330: result: -std=gnu99
configure:4392: checking for g++
configure:4408: found /usr/bin/g++
configure:4419: result: g++
configure:4446: checking for C++ compiler version
configure:4455: g++ --version >&5
g++ (Ubuntu/Linaro 4.6.3-1ubuntu5) 4.6.3
Copyright (C) 2011 Free Software Foundation, Inc.
This is free software; see the source for copying conditions.  There is NO
warranty; not even for MERCHANTABILITY or FITNESS FOR A PARTICULAR PURPOSE.

configure:4466: $? = 0
configure:4455: g++ -v >&5
Using built-in specs.
COLLECT_GCC=g++
COLLECT_LTO_WRAPPER=/usr/lib/gcc/x86_64-linux-gnu/4.6/lto-wrapper
Target: x86_64-linux-gnu
Configured with: ../src/configure -v --with-pkgversion='Ubuntu/Linaro 4.6.3-1ubuntu5' --with-bugurl=file:///usr/share/doc/gcc-4.6/README.Bugs --enable-languages=c,c++,fortran,objc,obj-c++ --prefix=/usr --program-suffix=-4.6 --enable-shared --enable-linker-build-id --with-system-zlib --libexecdir=/usr/lib --without-included-gettext --enable-threads=posix --with-gxx-include-dir=/usr/include/c++/4.6 --libdir=/usr/lib --enable-nls --with-sysroot=/ --enable-clocale=gnu --enable-libstdcxx-debug --enable-libstdcxx-time=yes --enable-gnu-unique-object --enable-plugin --enable-objc-gc --disable-werror --with-arch-32=i686 --with-tune=generic --enable-checking=release --build=x86_64-linux-gnu --host=x86_64-linux-gnu --target=x86_64-linux-gnu
Thread model: posix
gcc version 4.6.3 (Ubuntu/Linaro 4.6.3-1ubuntu5) 
configure:4466: $? = 0
configure:4455: g++ -V >&5
g++: error: unrecognized option '-V'
g++: fatal error: no input files
compilation terminated.
configure:4466: $? = 4
configure:4455: g++ -qversion >&5
g++: error: unrecognized option '-qversion'
g++: fatal error: no input files
compilation terminated.
configure:4466: $? = 4
configure:4470: checking whether we are using the GNU C++ compiler
configure:4489: g++ -c   conftest.cpp >&5
configure:4489: $? = 0
configure:4498: result: yes
configure:4507: checking whether g++ accepts -g
configure:4527: g++ -c -g  conftest.cpp >&5
configure:4527: $? = 0
configure:4568: result: yes
configure:4593: checking dependency style of g++
configure:4704: result: gcc3
configure:4719: checking whether ln -s works
configure:4723: result: yes
configure:4737: checking how to run the C preprocessor
configure:4768: gcc -std=gnu99 -E  conftest.c
configure:4768: $? = 0
configure:4782: gcc -std=gnu99 -E  conftest.c
conftest.c:11:28: fatal error: ac_nonexistent.h: No such file or directory
compilation terminated.
configure:4782: $? = 1
configure: failed program was:
| /* confdefs.h */
| #define PACKAGE_NAME "protobuf-c"
| #define PACKAGE_TARNAME "protobuf-c"
| #define PACKAGE_VERSION "1.1.1"
| #define PACKAGE_STRING "protobuf-c 1.1.1"
| #define PACKAGE_BUGREPORT "https://github.com/protobuf-c/protobuf-c/issues"
| #define PACKAGE_URL "https://github.com/protobuf-c/protobuf-c"
| #define PACKAGE "protobuf-c"
| #define VERSION "1.1.1"
| /* end confdefs.h.  */
| #include <ac_nonexistent.h>
configure:4807: result: gcc -std=gnu99 -E
configure:4827: gcc -std=gnu99 -E  conftest.c
configure:4827: $? = 0
configure:4841: gcc -std=gnu99 -E  conftest.c
conftest.c:11:28: fatal error: ac_nonexistent.h: No such file or directory
compilation terminated.
configure:4841: $? = 1
configure: failed program was:
| /* confdefs.h */
| #define PACKAGE_NAME "protobuf-c"
| #define PACKAGE_TARNAME "protobuf-c"
| #define PACKAGE_VERSION "1.1.1"
| #define PACKAGE_STRING "protobuf-c 1.1.1"
| #define PACKAGE_BUGREPORT "https://github.com/protobuf-c/protobuf-c/issues"
| #define PACKAGE_URL "https://github.com/protobuf-c/protobuf-c"
| #define PACKAGE "protobuf-c"
| #define VERSION "1.1.1"
| /* end confdefs.h.  */
| #include <ac_nonexistent.h>
configure:4870: checking for grep that handles long lines and -e
configure:4928: result: /bin/grep
configure:4933: checking for egrep
configure:4995: result: /bin/grep -E
configure:5000: checking for ANSI C header files
configure:5020: gcc -std=gnu99 -c -g -O2  conftest.c >&5
configure:5020: $? = 0
configure:5093: gcc -std=gnu99 -o conftest -g -O2   conftest.c  >&5
configure:5093: $? = 0
configure:5093: ./conftest
configure:5093: $? = 0
configure:5104: result: yes
configure:5117: checking for sys/types.h
configure:5117: gcc -std=gnu99 -c -g -O2  conftest.c >&5
configure:5117: $? = 0
configure:5117: result: yes
configure:5117: checking for sys/stat.h
configure:5117: gcc -std=gnu99 -c -g -O2  conftest.c >&5
configure:5117: $? = 0
configure:5117: result: yes
configure:5117: checking for stdlib.h
configure:5117: gcc -std=gnu99 -c -g -O2  conftest.c >&5
configure:5117: $? = 0
configure:5117: result: yes
configure:5117: checking for string.h
configure:5117: gcc -std=gnu99 -c -g -O2  conftest.c >&5
configure:5117: $? = 0
configure:5117: result: yes
configure:5117: checking for memory.h
configure:5117: gcc -std=gnu99 -c -g -O2  conftest.c >&5
configure:5117: $? = 0
configure:5117: result: yes
configure:5117: checking for strings.h
configure:5117: gcc -std=gnu99 -c -g -O2  conftest.c >&5
configure:5117: $? = 0
configure:5117: result: yes
configure:5117: checking for inttypes.h
configure:5117: gcc -std=gnu99 -c -g -O2  conftest.c >&5
configure:5117: $? = 0
configure:5117: result: yes
configure:5117: checking for stdint.h
configure:5117: gcc -std=gnu99 -c -g -O2  conftest.c >&5
configure:5117: $? = 0
configure:5117: result: yes
configure:5117: checking for unistd.h
configure:5117: gcc -std=gnu99 -c -g -O2  conftest.c >&5
configure:5117: $? = 0
configure:5117: result: yes
configure:5130: checking minix/config.h usability
configure:5130: gcc -std=gnu99 -c -g -O2  conftest.c >&5
conftest.c:54:26: fatal error: minix/config.h: No such file or directory
compilation terminated.
configure:5130: $? = 1
configure: failed program was:
| /* confdefs.h */
| #define PACKAGE_NAME "protobuf-c"
| #define PACKAGE_TARNAME "protobuf-c"
| #define PACKAGE_VERSION "1.1.1"
| #define PACKAGE_STRING "protobuf-c 1.1.1"
| #define PACKAGE_BUGREPORT "https://github.com/protobuf-c/protobuf-c/issues"
| #define PACKAGE_URL "https://github.com/protobuf-c/protobuf-c"
| #define PACKAGE "protobuf-c"
| #define VERSION "1.1.1"
| #define STDC_HEADERS 1
| #define HAVE_SYS_TYPES_H 1
| #define HAVE_SYS_STAT_H 1
| #define HAVE_STDLIB_H 1
| #define HAVE_STRING_H 1
| #define HAVE_MEMORY_H 1
| #define HAVE_STRINGS_H 1
| #define HAVE_INTTYPES_H 1
| #define HAVE_STDINT_H 1
| #define HAVE_UNISTD_H 1
| /* end confdefs.h.  */
| #include <stdio.h>
| #ifdef HAVE_SYS_TYPES_H
| # include <sys/types.h>
| #endif
| #ifdef HAVE_SYS_STAT_H
| # include <sys/stat.h>
| #endif
| #ifdef STDC_HEADERS
| # include <stdlib.h>
| # include <stddef.h>
| #else
| # ifdef HAVE_STDLIB_H
| #  include <stdlib.h>
| # endif
| #endif
| #ifdef HAVE_STRING_H
| # if !defined STDC_HEADERS && defined HAVE_MEMORY_H
| #  include <memory.h>
| # endif
| # include <string.h>
| #endif
| #ifdef HAVE_STRINGS_H
| # include <strings.h>
| #endif
| #ifdef HAVE_INTTYPES_H
| # include <inttypes.h>
| #endif
| #ifdef HAVE_STDINT_H
| # include <stdint.h>
| #endif
| #ifdef HAVE_UNISTD_H
| # include <unistd.h>
| #endif
| #include <minix/config.h>
configure:5130: result: no
configure:5130: checking minix/config.h presence
configure:5130: gcc -std=gnu99 -E  conftest.c
conftest.c:21:26: fatal error: minix/config.h: No such file or directory
compilation terminated.
configure:5130: $? = 1
configure: failed program was:
| /* confdefs.h */
| #define PACKAGE_NAME "protobuf-c"
| #define PACKAGE_TARNAME "protobuf-c"
| #define PACKAGE_VERSION "1.1.1"
| #define PACKAGE_STRING "protobuf-c 1.1.1"
| #define PACKAGE_BUGREPORT "https://github.com/protobuf-c/protobuf-c/issues"
| #define PACKAGE_URL "https://github.com/protobuf-c/protobuf-c"
| #define PACKAGE "protobuf-c"
| #define VERSION "1.1.1"
| #define STDC_HEADERS 1
| #define HAVE_SYS_TYPES_H 1
| #define HAVE_SYS_STAT_H 1
| #define HAVE_STDLIB_H 1
| #define HAVE_STRING_H 1
| #define HAVE_MEMORY_H 1
| #define HAVE_STRINGS_H 1
| #define HAVE_INTTYPES_H 1
| #define HAVE_STDINT_H 1
| #define HAVE_UNISTD_H 1
| /* end confdefs.h.  */
| #include <minix/config.h>
configure:5130: result: no
configure:5130: checking for minix/config.h
configure:5130: result: no
configure:5151: checking whether it is safe to define __EXTENSIONS__
configure:5169: gcc -std=gnu99 -c -g -O2  conftest.c >&5
configure:5169: $? = 0
configure:5176: result: yes
configure:5197: checking for special C compiler options needed for large files
configure:5242: result: no
configure:5248: checking for _FILE_OFFSET_BITS value needed for large files
configure:5273: gcc -std=gnu99 -c -g -O2  conftest.c >&5
configure:5273: $? = 0
configure:5305: result: no
configure:5400: checking whether make supports nested variables
configure:5417: result: yes
configure:5457: checking build system type
configure:5471: result: x86_64-unknown-linux-gnu
configure:5491: checking host system type
configure:5504: result: x86_64-unknown-linux-gnu
configure:5545: checking how to print strings
configure:5572: result: printf
configure:5593: checking for a sed that does not truncate output
configure:5657: result: /bin/sed
configure:5675: checking for fgrep
configure:5737: result: /bin/grep -F
configure:5772: checking for ld used by gcc -std=gnu99
configure:5839: result: /usr/bin/ld
configure:5846: checking if the linker (/usr/bin/ld) is GNU ld
configure:5861: result: yes
configure:5873: checking for BSD- or MS-compatible name lister (nm)
configure:5922: result: /usr/bin/nm -B
configure:6052: checking the name lister (/usr/bin/nm -B) interface
configure:6059: gcc -std=gnu99 -c -g -O2  conftest.c >&5
configure:6062: /usr/bin/nm -B "conftest.o"
configure:6065: output
0000000000000000 B some_variable
configure:6072: result: BSD nm
configure:6076: checking the maximum length of command line arguments
configure:6206: result: 3458764513820540925
configure:6223: checking whether the shell understands some XSI constructs
configure:6233: result: yes
configure:6237: checking whether the shell understands "+="
configure:6243: result: yes
configure:6278: checking how to convert x86_64-unknown-linux-gnu file names to x86_64-unknown-linux-gnu format
configure:6318: result: func_convert_file_noop
configure:6325: checking how to convert x86_64-unknown-linux-gnu file names to toolchain format
configure:6345: result: func_convert_file_noop
configure:6352: checking for /usr/bin/ld option to reload object files
configure:6359: result: -r
configure:6433: checking for objdump
configure:6449: found /usr/bin/objdump
configure:6460: result: objdump
configure:6492: checking how to recognize dependent libraries
configure:6694: result: pass_all
configure:6779: checking for dlltool
configure:6809: result: no
configure:6839: checking how to associate runtime and link libraries
configure:6866: result: printf %s\n
configure:6926: checking for ar
configure:6942: found /usr/bin/ar
configure:6953: result: ar
configure:6990: checking for archiver @FILE support
configure:7007: gcc -std=gnu99 -c -g -O2  conftest.c >&5
configure:7007: $? = 0
configure:7010: ar cru libconftest.a @conftest.lst >&5
configure:7013: $? = 0
configure:7018: ar cru libconftest.a @conftest.lst >&5
ar: conftest.o: No such file or directory
configure:7021: $? = 1
configure:7033: result: @
configure:7091: checking for strip
configure:7107: found /usr/bin/strip
configure:7118: result: strip
configure:7190: checking for ranlib
configure:7206: found /usr/bin/ranlib
configure:7217: result: ranlib
configure:7319: checking command to parse /usr/bin/nm -B output from gcc -std=gnu99 object
configure:7439: gcc -std=gnu99 -c -g -O2  conftest.c >&5
configure:7442: $? = 0
configure:7446: /usr/bin/nm -B conftest.o \| sed -n -e 's/^.*[ ]\([ABCDGIRSTW][ABCDGIRSTW]*\)[ ][ ]*\([_A-Za-z][_A-Za-z0-9]*\)$/\1 \2 \2/p' | sed '/ __gnu_lto/d' \> conftest.nm
configure:7449: $? = 0
configure:7515: gcc -std=gnu99 -o conftest -g -O2   conftest.c conftstm.o >&5
configure:7518: $? = 0
configure:7556: result: ok
configure:7593: checking for sysroot
configure:7623: result: no
configure:7700: gcc -std=gnu99 -c -g -O2  conftest.c >&5
configure:7703: $? = 0
configure:7879: checking for mt
configure:7895: found /bin/mt
configure:7906: result: mt
configure:7929: checking if mt is a manifest tool
configure:7935: mt '-?'
configure:7943: result: no
configure:8582: checking for dlfcn.h
configure:8582: gcc -std=gnu99 -c -g -O2  conftest.c >&5
configure:8582: $? = 0
configure:8582: result: yes
configure:8799: checking for objdir
configure:8814: result: .libs
configure:9085: checking if gcc -std=gnu99 supports -fno-rtti -fno-exceptions
configure:9103: gcc -std=gnu99 -c -g -O2  -fno-rtti -fno-exceptions conftest.c >&5
cc1: warning: command line option '-fno-rtti' is valid for C++/ObjC++ but not for C [enabled by default]
configure:9107: $? = 0
configure:9120: result: no
configure:9447: checking for gcc -std=gnu99 option to produce PIC
configure:9454: result: -fPIC -DPIC
configure:9462: checking if gcc -std=gnu99 PIC flag -fPIC -DPIC works
configure:9480: gcc -std=gnu99 -c -g -O2  -fPIC -DPIC -DPIC conftest.c >&5
configure:9484: $? = 0
configure:9497: result: yes
configure:9526: checking if gcc -std=gnu99 static flag -static works
configure:9554: result: yes
configure:9569: checking if gcc -std=gnu99 supports -c -o file.o
configure:9590: gcc -std=gnu99 -c -g -O2  -o out/conftest2.o conftest.c >&5
configure:9594: $? = 0
configure:9616: result: yes
configure:9624: checking if gcc -std=gnu99 supports -c -o file.o
configure:9671: result: yes
configure:9704: checking whether the gcc -std=gnu99 linker (/usr/bin/ld -m elf_x86_64) supports shared libraries
configure:10861: result: yes
configure:10898: checking whether -lc should be explicitly linked in
configure:10906: gcc -std=gnu99 -c -g -O2  conftest.c >&5
configure:10909: $? = 0
configure:10924: gcc -std=gnu99 -shared  -fPIC -DPIC conftest.o  -v -Wl,-soname -Wl,conftest -o conftest 2\>\&1 \| /bin/grep  -lc  \>/dev/null 2\>\&1
configure:10927: $? = 0
configure:10941: result: no
configure:11101: checking dynamic linker characteristics
configure:11612: gcc -std=gnu99 -o conftest -g -O2   -Wl,-rpath -Wl,/foo conftest.c  >&5
configure:11612: $? = 0
configure:11846: result: GNU/Linux ld.so
configure:11953: checking how to hardcode library paths into programs
configure:11978: result: immediate
configure:12518: checking whether stripping libraries is possible
configure:12523: result: yes
configure:12558: checking if libtool supports shared libraries
configure:12560: result: yes
configure:12563: checking whether to build shared libraries
configure:12584: result: yes
configure:12587: checking whether to build static libraries
configure:12591: result: yes
configure:12614: checking how to run the C++ preprocessor
configure:12641: g++ -E  conftest.cpp
configure:12641: $? = 0
configure:12655: g++ -E  conftest.cpp
conftest.cpp:28:28: fatal error: ac_nonexistent.h: No such file or directory
compilation terminated.
configure:12655: $? = 1
configure: failed program was:
| /* confdefs.h */
| #define PACKAGE_NAME "protobuf-c"
| #define PACKAGE_TARNAME "protobuf-c"
| #define PACKAGE_VERSION "1.1.1"
| #define PACKAGE_STRING "protobuf-c 1.1.1"
| #define PACKAGE_BUGREPORT "https://github.com/protobuf-c/protobuf-c/issues"
| #define PACKAGE_URL "https://github.com/protobuf-c/protobuf-c"
| #define PACKAGE "protobuf-c"
| #define VERSION "1.1.1"
| #define STDC_HEADERS 1
| #define HAVE_SYS_TYPES_H 1
| #define HAVE_SYS_STAT_H 1
| #define HAVE_STDLIB_H 1
| #define HAVE_STRING_H 1
| #define HAVE_MEMORY_H 1
| #define HAVE_STRINGS_H 1
| #define HAVE_INTTYPES_H 1
| #define HAVE_STDINT_H 1
| #define HAVE_UNISTD_H 1
| #define __EXTENSIONS__ 1
| #define _ALL_SOURCE 1
| #define _GNU_SOURCE 1
| #define _POSIX_PTHREAD_SEMANTICS 1
| #define _TANDEM_SOURCE 1
| #define HAVE_DLFCN_H 1
| #define LT_OBJDIR ".libs/"
| /* end confdefs.h.  */
| #include <ac_nonexistent.h>
configure:12680: result: g++ -E
configure:12700: g++ -E  conftest.cpp
configure:12700: $? = 0
configure:12714: g++ -E  conftest.cpp
conftest.cpp:28:28: fatal error: ac_nonexistent.h: No such file or directory
compilation terminated.
configure:12714: $? = 1
configure: failed program was:
| /* confdefs.h */
| #define PACKAGE_NAME "protobuf-c"
| #define PACKAGE_TARNAME "protobuf-c"
| #define PACKAGE_VERSION "1.1.1"
| #define PACKAGE_STRING "protobuf-c 1.1.1"
| #define PACKAGE_BUGREPORT "https://github.com/protobuf-c/protobuf-c/issues"
| #define PACKAGE_URL "https://github.com/protobuf-c/protobuf-c"
| #define PACKAGE "protobuf-c"
| #define VERSION "1.1.1"
| #define STDC_HEADERS 1
| #define HAVE_SYS_TYPES_H 1
| #define HAVE_SYS_STAT_H 1
| #define HAVE_STDLIB_H 1
| #define HAVE_STRING_H 1
| #define HAVE_MEMORY_H 1
| #define HAVE_STRINGS_H 1
| #define HAVE_INTTYPES_H 1
| #define HAVE_STDINT_H 1
| #define HAVE_UNISTD_H 1
| #define __EXTENSIONS__ 1
| #define _ALL_SOURCE 1
| #define _GNU_SOURCE 1
| #define _POSIX_PTHREAD_SEMANTICS 1
| #define _TANDEM_SOURCE 1
| #define HAVE_DLFCN_H 1
| #define LT_OBJDIR ".libs/"
| /* end confdefs.h.  */
| #include <ac_nonexistent.h>
configure:12883: checking for ld used by g++
configure:12950: result: /usr/bin/ld -m elf_x86_64
configure:12957: checking if the linker (/usr/bin/ld -m elf_x86_64) is GNU ld
configure:12972: result: yes
configure:13027: checking whether the g++ linker (/usr/bin/ld -m elf_x86_64) supports shared libraries
configure:14032: result: yes
configure:14068: g++ -c -g -O2  conftest.cpp >&5
configure:14071: $? = 0
configure:14591: checking for g++ option to produce PIC
configure:14598: result: -fPIC -DPIC
configure:14606: checking if g++ PIC flag -fPIC -DPIC works
configure:14624: g++ -c -g -O2  -fPIC -DPIC -DPIC conftest.cpp >&5
configure:14628: $? = 0
configure:14641: result: yes
configure:14664: checking if g++ static flag -static works
configure:14692: result: yes
configure:14704: checking if g++ supports -c -o file.o
configure:14725: g++ -c -g -O2  -o out/conftest2.o conftest.cpp >&5
configure:14729: $? = 0
configure:14751: result: yes
configure:14756: checking if g++ supports -c -o file.o
configure:14803: result: yes
configure:14833: checking whether the g++ linker (/usr/bin/ld -m elf_x86_64) supports shared libraries
configure:14872: result: yes
configure:15013: checking dynamic linker characteristics
configure:15692: result: GNU/Linux ld.so
configure:15745: checking how to hardcode library paths into programs
configure:15770: result: immediate
configure:15841: checking for doxygen
configure:15871: result: no
configure:15949: checking for pkg-config
configure:15967: found /usr/bin/pkg-config
configure:15979: result: /usr/bin/pkg-config
configure:16004: checking pkg-config is at least version 0.9.0
configure:16007: result: yes
configure:16066: checking for protobuf
configure:16073: $PKG_CONFIG --exists --print-errors "protobuf >= 2.6.0"
configure:16076: $? = 0
configure:16090: $PKG_CONFIG --exists --print-errors "protobuf >= 2.6.0"
configure:16093: $? = 0
configure:16151: result: yes
configure:16161: checking google/protobuf/compiler/command_line_interface.h usability
configure:16161: g++ -c -g -O2  -pthread -I/home/azureuser/bftsmart-diversity/protobuf/build/include   conftest.cpp >&5
configure:16161: $? = 0
configure:16161: result: yes
configure:16161: checking google/protobuf/compiler/command_line_interface.h presence
configure:16161: g++ -E  -pthread -I/home/azureuser/bftsmart-diversity/protobuf/build/include   conftest.cpp
configure:16161: $? = 0
configure:16161: result: yes
configure:16161: checking for google/protobuf/compiler/command_line_interface.h
configure:16161: result: yes
configure:16178: checking for protoc
configure:16197: found /home/azureuser/bftsmart-diversity/protobuf/build/bin/protoc
configure:16209: result: /home/azureuser/bftsmart-diversity/protobuf/build/bin/protoc
configure:16240: checking if LD -Wl,--version-script works
configure:16258: g++ -o conftest -g -O2   -Wl,--version-script=conftest.map conftest.cpp  >&5
/usr/bin/ld:conftest.map:2: syntax error in VERSION script
collect2: ld returned 1 exit status
configure:16258: $? = 1
configure: failed program was:
| /* confdefs.h */
| #define PACKAGE_NAME "protobuf-c"
| #define PACKAGE_TARNAME "protobuf-c"
| #define PACKAGE_VERSION "1.1.1"
| #define PACKAGE_STRING "protobuf-c 1.1.1"
| #define PACKAGE_BUGREPORT "https://github.com/protobuf-c/protobuf-c/issues"
| #define PACKAGE_URL "https://github.com/protobuf-c/protobuf-c"
| #define PACKAGE "protobuf-c"
| #define VERSION "1.1.1"
| #define STDC_HEADERS 1
| #define HAVE_SYS_TYPES_H 1
| #define HAVE_SYS_STAT_H 1
| #define HAVE_STDLIB_H 1
| #define HAVE_STRING_H 1
| #define HAVE_MEMORY_H 1
| #define HAVE_STRINGS_H 1
| #define HAVE_INTTYPES_H 1
| #define HAVE_STDINT_H 1
| #define HAVE_UNISTD_H 1
| #define __EXTENSIONS__ 1
| #define _ALL_SOURCE 1
| #define _GNU_SOURCE 1
| #define _POSIX_PTHREAD_SEMANTICS 1
| #define _TANDEM_SOURCE 1
| #define HAVE_DLFCN_H 1
| #define LT_OBJDIR ".libs/"
| #define HAVE_GOOGLE_PROTOBUF_COMPILER_COMMAND_LINE_INTERFACE_H 1
| /* end confdefs.h.  */
| 
| int
| main ()
| {
| 
|   ;
|   return 0;
| }
configure:16286: g++ -o conftest -g -O2   -Wl,--version-script=conftest.map conftest.cpp  >&5
configure:16286: $? = 0
configure:16298: result: yes
configure:16375: checking whether self tests are run under valgrind
configure:16377: result: no
configure:16382: checking whether to build with code coverage support
configure:16401: result: no
configure:16590: checking whether byte ordering is bigendian
configure:16605: g++ -c -g -O2  conftest.cpp >&5
conftest.cpp:30:9: error: expected unqualified-id before 'not' token
configure:16605: $? = 1
configure: failed program was:
| /* confdefs.h */
| #define PACKAGE_NAME "protobuf-c"
| #define PACKAGE_TARNAME "protobuf-c"
| #define PACKAGE_VERSION "1.1.1"
| #define PACKAGE_STRING "protobuf-c 1.1.1"
| #define PACKAGE_BUGREPORT "https://github.com/protobuf-c/protobuf-c/issues"
| #define PACKAGE_URL "https://github.com/protobuf-c/protobuf-c"
| #define PACKAGE "protobuf-c"
| #define VERSION "1.1.1"
| #define STDC_HEADERS 1
| #define HAVE_SYS_TYPES_H 1
| #define HAVE_SYS_STAT_H 1
| #define HAVE_STDLIB_H 1
| #define HAVE_STRING_H 1
| #define HAVE_MEMORY_H 1
| #define HAVE_STRINGS_H 1
| #define HAVE_INTTYPES_H 1
| #define HAVE_STDINT_H 1
| #define HAVE_UNISTD_H 1
| #define __EXTENSIONS__ 1
| #define _ALL_SOURCE 1
| #define _GNU_SOURCE 1
| #define _POSIX_PTHREAD_SEMANTICS 1
| #define _TANDEM_SOURCE 1
| #define HAVE_DLFCN_H 1
| #define LT_OBJDIR ".libs/"
| #define HAVE_GOOGLE_PROTOBUF_COMPILER_COMMAND_LINE_INTERFACE_H 1
| /* end confdefs.h.  */
| #ifndef __APPLE_CC__
| 	       not a universal capable compiler
| 	     #endif
| 	     typedef int dummy;
| 
configure:16650: g++ -c -g -O2  conftest.cpp >&5
configure:16650: $? = 0
configure:16668: g++ -c -g -O2  conftest.cpp >&5
conftest.cpp: In function 'int main()':
conftest.cpp:36:8: error: 'big' was not declared in this scope
conftest.cpp:36:12: error: expected ';' before 'endian'
configure:16668: $? = 1
configure: failed program was:
| /* confdefs.h */
| #define PACKAGE_NAME "protobuf-c"
| #define PACKAGE_TARNAME "protobuf-c"
| #define PACKAGE_VERSION "1.1.1"
| #define PACKAGE_STRING "protobuf-c 1.1.1"
| #define PACKAGE_BUGREPORT "https://github.com/protobuf-c/protobuf-c/issues"
| #define PACKAGE_URL "https://github.com/protobuf-c/protobuf-c"
| #define PACKAGE "protobuf-c"
| #define VERSION "1.1.1"
| #define STDC_HEADERS 1
| #define HAVE_SYS_TYPES_H 1
| #define HAVE_SYS_STAT_H 1
| #define HAVE_STDLIB_H 1
| #define HAVE_STRING_H 1
| #define HAVE_MEMORY_H 1
| #define HAVE_STRINGS_H 1
| #define HAVE_INTTYPES_H 1
| #define HAVE_STDINT_H 1
| #define HAVE_UNISTD_H 1
| #define __EXTENSIONS__ 1
| #define _ALL_SOURCE 1
| #define _GNU_SOURCE 1
| #define _POSIX_PTHREAD_SEMANTICS 1
| #define _TANDEM_SOURCE 1
| #define HAVE_DLFCN_H 1
| #define LT_OBJDIR ".libs/"
| #define HAVE_GOOGLE_PROTOBUF_COMPILER_COMMAND_LINE_INTERFACE_H 1
| /* end confdefs.h.  */
| #include <sys/types.h>
| 		#include <sys/param.h>
| 
| int
| main ()
| {
| #if BYTE_ORDER != BIG_ENDIAN
| 		 not big endian
| 		#endif
| 
|   ;
|   return 0;
| }
configure:16796: result: no
configure:16966: creating ./config.status

## ---------------------- ##
## Running config.status. ##
## ---------------------- ##

This file was extended by protobuf-c config.status 1.1.1, which was
generated by GNU Autoconf 2.68.  Invocation command line was

  CONFIG_FILES    = 
  CONFIG_HEADERS  = 
  CONFIG_LINKS    = 
  CONFIG_COMMANDS = 
  $ ./config.status 

on ubuntu

config.status:1265: creating Makefile
config.status:1265: creating protobuf-c/libprotobuf-c.pc
config.status:1265: creating config.h
config.status:1494: executing depfiles commands
config.status:1494: executing libtool commands
configure:19490: result:
    protobuf-c 1.1.1

        CC:                     gcc -std=gnu99
        CFLAGS:                 -g -O2
        CXX:                    g++
        CXXFLAGS:               -g -O2
        LDFLAGS:                
        LIBS:                   

        prefix:                 /home/azureuser/bftsmart-diversity/protobuf/build
        sysconfdir:             ${prefix}/etc
        libdir:                 ${exec_prefix}/lib
        includedir:             ${prefix}/include
        pkgconfigdir:           ${libdir}/pkgconfig

        bigendian:              no
        protobuf version:       libprotoc 2.6.1


## ---------------- ##
## Cache variables. ##
## ---------------- ##

ac_cv_build=x86_64-unknown-linux-gnu
ac_cv_c_bigendian=no
ac_cv_c_compiler_gnu=yes
ac_cv_cxx_compiler_gnu=yes
ac_cv_env_CCC_set=
ac_cv_env_CCC_value=
ac_cv_env_CC_set=
ac_cv_env_CC_value=
ac_cv_env_CFLAGS_set=
ac_cv_env_CFLAGS_value=
ac_cv_env_CPPFLAGS_set=
ac_cv_env_CPPFLAGS_value=
ac_cv_env_CPP_set=
ac_cv_env_CPP_value=
ac_cv_env_CXXCPP_set=
ac_cv_env_CXXCPP_value=
ac_cv_env_CXXFLAGS_set=
ac_cv_env_CXXFLAGS_value=
ac_cv_env_CXX_set=
ac_cv_env_CXX_value=
ac_cv_env_LDFLAGS_set=
ac_cv_env_LDFLAGS_value=
ac_cv_env_LIBS_set=
ac_cv_env_LIBS_value=
ac_cv_env_PKG_CONFIG_LIBDIR_set=
ac_cv_env_PKG_CONFIG_LIBDIR_value=
ac_cv_env_PKG_CONFIG_PATH_set=set
ac_cv_env_PKG_CONFIG_PATH_value=/home/azureuser/bftsmart-diversity/protobuf/build/lib/pkgconfig
ac_cv_env_PKG_CONFIG_set=
ac_cv_env_PKG_CONFIG_value=
ac_cv_env_PROTOC_set=
ac_cv_env_PROTOC_value=
ac_cv_env_build_alias_set=
ac_cv_env_build_alias_value=
ac_cv_env_host_alias_set=
ac_cv_env_host_alias_value=
ac_cv_env_protobuf_CFLAGS_set=
ac_cv_env_protobuf_CFLAGS_value=
ac_cv_env_protobuf_LIBS_set=
ac_cv_env_protobuf_LIBS_value=
ac_cv_env_target_alias_set=
ac_cv_env_target_alias_value=
ac_cv_header_dlfcn_h=yes
ac_cv_header_google_protobuf_compiler_command_line_interface_h=yes
ac_cv_header_inttypes_h=yes
ac_cv_header_memory_h=yes
ac_cv_header_minix_config_h=no
ac_cv_header_stdc=yes
ac_cv_header_stdint_h=yes
ac_cv_header_stdlib_h=yes
ac_cv_header_string_h=yes
ac_cv_header_strings_h=yes
ac_cv_header_sys_stat_h=yes
ac_cv_header_sys_types_h=yes
ac_cv_header_unistd_h=yes
ac_cv_host=x86_64-unknown-linux-gnu
ac_cv_objext=o
ac_cv_path_EGREP='/bin/grep -E'
ac_cv_path_FGREP='/bin/grep -F'
ac_cv_path_GREP=/bin/grep
ac_cv_path_PROTOC=/home/azureuser/bftsmart-diversity/protobuf/build/bin/protoc
ac_cv_path_SED=/bin/sed
ac_cv_path_ac_pt_PKG_CONFIG=/usr/bin/pkg-config
ac_cv_path_install='/usr/bin/install -c'
ac_cv_path_mkdir=/bin/mkdir
ac_cv_prog_AWK=mawk
ac_cv_prog_CPP='gcc -std=gnu99 -E'
ac_cv_prog_CXXCPP='g++ -E'
ac_cv_prog_ac_ct_AR=ar
ac_cv_prog_ac_ct_CC=gcc
ac_cv_prog_ac_ct_CXX=g++
ac_cv_prog_ac_ct_MANIFEST_TOOL=mt
ac_cv_prog_ac_ct_OBJDUMP=objdump
ac_cv_prog_ac_ct_RANLIB=ranlib
ac_cv_prog_ac_ct_STRIP=strip
ac_cv_prog_cc_c89=
ac_cv_prog_cc_c99=-std=gnu99
ac_cv_prog_cc_g=yes
ac_cv_prog_cc_stdc=-std=gnu99
ac_cv_prog_cxx_g=yes
ac_cv_prog_make_make_set=yes
ac_cv_safe_to_define___extensions__=yes
ac_cv_sys_file_offset_bits=no
ac_cv_sys_largefile_CC=no
am_cv_CC_dependencies_compiler_type=gcc3
am_cv_CXX_dependencies_compiler_type=gcc3
am_cv_make_support_nested_variables=yes
lt_cv_ar_at_file=@
lt_cv_archive_cmds_need_lc=no
lt_cv_deplibs_check_method=pass_all
lt_cv_file_magic_cmd='$MAGIC_CMD'
lt_cv_file_magic_test_file=
lt_cv_ld_reload_flag=-r
lt_cv_nm_interface='BSD nm'
lt_cv_objdir=.libs
lt_cv_path_LD=/usr/bin/ld
lt_cv_path_LDCXX='/usr/bin/ld -m elf_x86_64'
lt_cv_path_NM='/usr/bin/nm -B'
lt_cv_path_mainfest_tool=no
lt_cv_prog_compiler_c_o=yes
lt_cv_prog_compiler_c_o_CXX=yes
lt_cv_prog_compiler_pic='-fPIC -DPIC'
lt_cv_prog_compiler_pic_CXX='-fPIC -DPIC'
lt_cv_prog_compiler_pic_works=yes
lt_cv_prog_compiler_pic_works_CXX=yes
lt_cv_prog_compiler_rtti_exceptions=no
lt_cv_prog_compiler_static_works=yes
lt_cv_prog_compiler_static_works_CXX=yes
lt_cv_prog_gnu_ld=yes
lt_cv_prog_gnu_ldcxx=yes
lt_cv_sharedlib_from_linklib_cmd='printf %s\n'
lt_cv_shlibpath_overrides_runpath=no
lt_cv_sys_global_symbol_pipe='sed -n -e '\''s/^.*[	 ]\([ABCDGIRSTW][ABCDGIRSTW]*\)[	 ][	 ]*\([_A-Za-z][_A-Za-z0-9]*\)$/\1 \2 \2/p'\'' | sed '\''/ __gnu_lto/d'\'''
lt_cv_sys_global_symbol_to_c_name_address='sed -n -e '\''s/^: \([^ ]*\)[ ]*$/  {\"\1\", (void *) 0},/p'\'' -e '\''s/^[ABCDGIRSTW]* \([^ ]*\) \([^ ]*\)$/  {"\2", (void *) \&\2},/p'\'''
lt_cv_sys_global_symbol_to_c_name_address_lib_prefix='sed -n -e '\''s/^: \([^ ]*\)[ ]*$/  {\"\1\", (void *) 0},/p'\'' -e '\''s/^[ABCDGIRSTW]* \([^ ]*\) \(lib[^ ]*\)$/  {"\2", (void *) \&\2},/p'\'' -e '\''s/^[ABCDGIRSTW]* \([^ ]*\) \([^ ]*\)$/  {"lib\2", (void *) \&\2},/p'\'''
lt_cv_sys_global_symbol_to_cdecl='sed -n -e '\''s/^T .* \(.*\)$/extern int \1();/p'\'' -e '\''s/^[ABCDGIRSTW]* .* \(.*\)$/extern char \1;/p'\'''
lt_cv_sys_max_cmd_len=3458764513820540925
lt_cv_to_host_file_cmd=func_convert_file_noop
lt_cv_to_tool_file_cmd=func_convert_file_noop
pkg_cv_protobuf_CFLAGS='-pthread -I/home/azureuser/bftsmart-diversity/protobuf/build/include  '
pkg_cv_protobuf_LIBS='-pthread -L/home/azureuser/bftsmart-diversity/protobuf/build/lib -lprotobuf -lpthread  '

## ----------------- ##
## Output variables. ##
## ----------------- ##










	$(LCOV) $(code_coverage_quiet) --directory $(CODE_COVERAGE_DIRECTORY) --capture --output-file "$(CODE_COVERAGE_OUTPUT_FILE).tmp" --test-name "$(PACKAGE_NAME)-$(PACKAGE_VERSION)" --no-checksum --compat-libtool $(CODE_COVERAGE_LCOV_OPTIONS)
	$(LCOV) $(code_coverage_quiet) --directory $(CODE_COVERAGE_DIRECTORY) --remove "$(CODE_COVERAGE_OUTPUT_FILE).tmp" "/tmp/*" $(CODE_COVERAGE_IGNORE_PATTERN) --output-file "$(CODE_COVERAGE_OUTPUT_FILE)"
	$(MAKE) $(AM_MAKEFLAGS) code-coverage-capture
	-$(LCOV) --directory $(CODE_COVERAGE_DIRECTORY) -z
	-$(MAKE) $(AM_MAKEFLAGS) -k check
	-@rm -f $(CODE_COVERAGE_OUTPUT_FILE).tmp
	-find . -name "*.gcda" -o -name "*.gcov" -delete
	-rm -rf $(CODE_COVERAGE_OUTPUT_FILE) $(CODE_COVERAGE_OUTPUT_FILE).tmp $(CODE_COVERAGE_OUTPUT_DIRECTORY)
	@echo "Need to reconfigure with --enable-code-coverage"
	@echo "Need to reconfigure with --enable-code-coverage"
	@echo "file://$(abs_builddir)/$(CODE_COVERAGE_OUTPUT_DIRECTORY)/index.html"
	LANG=C $(GENHTML) $(code_coverage_quiet) --prefix $(CODE_COVERAGE_DIRECTORY) --output-directory "$(CODE_COVERAGE_OUTPUT_DIRECTORY)" --title "$(PACKAGE_NAME)-$(PACKAGE_VERSION) Code Coverage" --legend --show-details "$(CODE_COVERAGE_OUTPUT_FILE)" $(CODE_COVERAGE_GENHTML_OPTIONS)
#
#
#    $(PACKAGE_NAME)-$(PACKAGE_VERSION)-coverage)
#    $(PACKAGE_NAME)-$(PACKAGE_VERSION)-coverage.info)
#    (Default: $(top_builddir))
#    (Default: empty)
#    by lcov for code coverage. (Default:
#    instance. (Default: empty)
#    reports to be created. (Default:
#  - CODE_COVERAGE_DIRECTORY: Top-level directory for code coverage reporting.
#  - CODE_COVERAGE_GENHTML_OPTIONS: Extra options to pass to the genhtml
#  - CODE_COVERAGE_IGNORE_PATTERN: Extra glob pattern of files to ignore
#  - CODE_COVERAGE_LCOV_OPTIONS: Extra options to pass to the lcov instance.
#  - CODE_COVERAGE_OUTPUT_DIRECTORY: Directory for generated code coverage
#  - CODE_COVERAGE_OUTPUT_FILE: Filename and path for the .info file generated
# $(PACKAGE_VERSION). In order to add the current git hash to the title,
# Capture code coverage data
# Code coverage
# Hook rule executed before code-coverage-capture, overridable by the user
# Optional variables
# Optional:
# The generated report will be titled using the $(PACKAGE_NAME) and
# Use recursive makes in order to ignore errors during check
# use the git-version-gen script, available online.
'
.PHONY: check-code-coverage code-coverage-capture code-coverage-capture-hook code-coverage-clean
ACLOCAL='${SHELL} /home/azureuser/bftsmart-diversity/protobuf/protobuf-c/build-aux/missing --run aclocal-1.11'
AMDEPBACKSLASH='\'
AMDEP_FALSE='#'
AMDEP_TRUE=''
AMTAR='$${TAR-tar}'
AM_BACKSLASH='\'
AM_DEFAULT_V='$(AM_DEFAULT_VERBOSITY)'
AM_DEFAULT_VERBOSITY='0'
AM_V='$(V)'
AR='ar'
AUTOCONF='${SHELL} /home/azureuser/bftsmart-diversity/protobuf/protobuf-c/build-aux/missing --run autoconf'
AUTOHEADER='${SHELL} /home/azureuser/bftsmart-diversity/protobuf/protobuf-c/build-aux/missing --run autoheader'
AUTOMAKE='${SHELL} /home/azureuser/bftsmart-diversity/protobuf/protobuf-c/build-aux/missing --run automake-1.11'
AWK='mawk'
BUILD_COMPILER_FALSE='#'
BUILD_COMPILER_TRUE=''
CC='gcc -std=gnu99'
CCDEPMODE='depmode=gcc3'
CFLAGS='-g -O2'
CODE_COVERAGE_CFLAGS=''
CODE_COVERAGE_DIRECTORY ?= $(abs_top_builddir)
CODE_COVERAGE_ENABLED='no'
CODE_COVERAGE_ENABLED_FALSE=''
CODE_COVERAGE_ENABLED_TRUE='#'
CODE_COVERAGE_GENHTML_OPTIONS ?=
CODE_COVERAGE_IGNORE_PATTERN ?=
CODE_COVERAGE_LCOV_OPTIONS ?=
CODE_COVERAGE_LDFLAGS=''
CODE_COVERAGE_OUTPUT_DIRECTORY ?= $(PACKAGE_NAME)-$(PACKAGE_VERSION)-coverage
CODE_COVERAGE_OUTPUT_FILE ?= $(PACKAGE_NAME)-$(PACKAGE_VERSION)-coverage.info
CODE_COVERAGE_RULES='
CPP='gcc -std=gnu99 -E'
CPPFLAGS=''
CXX='g++'
CXXCPP='g++ -E'
CXXDEPMODE='depmode=gcc3'
CXXFLAGS='-g -O2'
CYGPATH_W='echo'
DEFS='-DHAVE_CONFIG_H'
DEPDIR='.deps'
DISTCHECK_CONFIGURE_FLAGS += --disable-code-coverage
DISTCHECK_CONFIGURE_FLAGS ?=
DLLTOOL='false'
DOXYGEN=''
DOXYGEN_INPUT=''
DSYMUTIL=''
DUMPBIN=''
ECHO_C=''
ECHO_N='-n'
ECHO_T=''
EGREP='/bin/grep -E'
EXEEXT=''
FGREP='/bin/grep -F'
GENHTML=''
GITIGNOREFILES += $(CODE_COVERAGE_OUTPUT_FILE) $(CODE_COVERAGE_OUTPUT_DIRECTORY)
GITIGNOREFILES ?=
GREP='/bin/grep'
HAVE_DOXYGEN_FALSE=''
HAVE_DOXYGEN_TRUE='#'
HAVE_LD_VERSION_SCRIPT_FALSE='#'
HAVE_LD_VERSION_SCRIPT_TRUE=''
INSTALL_DATA='${INSTALL} -m 644'
INSTALL_PROGRAM='${INSTALL}'
INSTALL_SCRIPT='${INSTALL}'
INSTALL_STRIP_PROGRAM='$(install_sh) -c -s'
LCOV=''
LD='/usr/bin/ld -m elf_x86_64'
LDFLAGS=''
LIBOBJS=''
LIBS=''
LIBTOOL='$(SHELL) $(top_builddir)/libtool'
LIPO=''
LN_S='ln -s'
LTLIBOBJS=''
MAKEINFO='${SHELL} /home/azureuser/bftsmart-diversity/protobuf/protobuf-c/build-aux/missing --run makeinfo'
MANIFEST_TOOL=':'
MKDIR_P='/bin/mkdir -p'
NM='/usr/bin/nm -B'
NMEDIT=''
OBJDUMP='objdump'
OBJEXT='o'
OTOOL64=''
OTOOL=''
PACKAGE='protobuf-c'
PACKAGE_BUGREPORT='https://github.com/protobuf-c/protobuf-c/issues'
PACKAGE_DESCRIPTION='Protocol Buffers implementation in C'
PACKAGE_NAME='protobuf-c'
PACKAGE_STRING='protobuf-c 1.1.1'
PACKAGE_TARNAME='protobuf-c'
PACKAGE_URL='https://github.com/protobuf-c/protobuf-c'
PACKAGE_VERSION='1.1.1'
PATH_SEPARATOR=':'
PKG_CONFIG='/usr/bin/pkg-config'
PKG_CONFIG_LIBDIR=''
PKG_CONFIG_PATH='/home/azureuser/bftsmart-diversity/protobuf/build/lib/pkgconfig'
PROTOC='/home/azureuser/bftsmart-diversity/protobuf/build/bin/protoc'
RANLIB='ranlib'
SED='/bin/sed'
SET_MAKE=''
SHELL='/bin/bash'
STRIP='strip'
VALGRIND=''
VERSION='1.1.1'
ac_ct_AR='ar'
ac_ct_CC='gcc'
ac_ct_CXX='g++'
ac_ct_DUMPBIN=''
am__EXEEXT_FALSE=''
am__EXEEXT_TRUE='#'
am__fastdepCC_FALSE='#'
am__fastdepCC_TRUE=''
am__fastdepCXX_FALSE='#'
am__fastdepCXX_TRUE=''
am__include='include'
am__isrc=''
am__leading_dot='.'
am__nodep='_no'
am__quote=''
am__tar='$${TAR-tar} chof - "$$tardir"'
am__untar='$${TAR-tar} xf -'
bindir='${exec_prefix}/bin'
build='x86_64-unknown-linux-gnu'
build_alias=''
build_cpu='x86_64'
build_os='linux-gnu'
build_vendor='unknown'
check-code-coverage:
clean: code-coverage-clean
code-coverage-capture-hook:
code-coverage-capture: code-coverage-capture-hook
code-coverage-clean:
code_coverage_quiet = $(code_coverage_quiet_$(V))
code_coverage_quiet_ = $(code_coverage_quiet_$(AM_DEFAULT_VERBOSITY))
code_coverage_quiet_0 = --quiet
datadir='${datarootdir}'
datarootdir='${prefix}/share'
docdir='${datarootdir}/doc/${PACKAGE_TARNAME}'
dvidir='${docdir}'
else
else
endif
endif
endif
exec_prefix='${prefix}'
host='x86_64-unknown-linux-gnu'
host_alias=''
host_cpu='x86_64'
host_os='linux-gnu'
host_vendor='unknown'
htmldir='${docdir}'
ifeq ($(CODE_COVERAGE_ENABLED),yes)
ifeq ($(CODE_COVERAGE_ENABLED),yes)
ifeq ($(CODE_COVERAGE_ENABLED),yes)
includedir='${prefix}/include'
infodir='${datarootdir}/info'
install_sh='${SHELL} /home/azureuser/bftsmart-diversity/protobuf/protobuf-c/build-aux/install-sh'
libdir='${exec_prefix}/lib'
libexecdir='${exec_prefix}/libexec'
localedir='${datarootdir}/locale'
localstatedir='${prefix}/var'
mandir='${datarootdir}/man'
mkdir_p='/bin/mkdir -p'
oldincludedir='/usr/include'
pdfdir='${docdir}'
pkgconfigdir='${libdir}/pkgconfig'
prefix='/home/azureuser/bftsmart-diversity/protobuf/build'
program_transform_name='s,x,x,'
protobuf_CFLAGS='-pthread -I/home/azureuser/bftsmart-diversity/protobuf/build/include  '
protobuf_LIBS='-pthread -L/home/azureuser/bftsmart-diversity/protobuf/build/lib -lprotobuf -lpthread  '
psdir='${docdir}'
sbindir='${exec_prefix}/sbin'
sharedstatedir='${prefix}/com'
sysconfdir='${prefix}/etc'
target_alias=''

## ----------- ##
## confdefs.h. ##
## ----------- ##

/* confdefs.h */
#define PACKAGE_NAME "protobuf-c"
#define PACKAGE_TARNAME "protobuf-c"
#define PACKAGE_VERSION "1.1.1"
#define PACKAGE_STRING "protobuf-c 1.1.1"
#define PACKAGE_BUGREPORT "https://github.com/protobuf-c/protobuf-c/issues"
#define PACKAGE_URL "https://github.com/protobuf-c/protobuf-c"
#define PACKAGE "protobuf-c"
#define VERSION "1.1.1"
#define STDC_HEADERS 1
#define HAVE_SYS_TYPES_H 1
#define HAVE_SYS_STAT_H 1
#define HAVE_STDLIB_H 1
#define HAVE_STRING_H 1
#define HAVE_MEMORY_H 1
#define HAVE_STRINGS_H 1
#define HAVE_INTTYPES_H 1
#define HAVE_STDINT_H 1
#define HAVE_UNISTD_H 1
#define __EXTENSIONS__ 1
#define _ALL_SOURCE 1
#define _GNU_SOURCE 1
#define _POSIX_PTHREAD_SEMANTICS 1
#define _TANDEM_SOURCE 1
#define HAVE_DLFCN_H 1
#define LT_OBJDIR ".libs/"
#define HAVE_GOOGLE_PROTOBUF_COMPILER_COMMAND_LINE_INTERFACE_H 1

configure: exit 0
